This is pdfTeX, Version 3.14159265-2.6-1.40.18 (TeX Live 2017) (preloaded format=pdflatex 2017.5.23)  12 JUL 2018 15:39
entering extended mode
 restricted \write18 enabled.
 file:line:error style messages enabled.
 %&-line parsing enabled.
**Exercise1.tex
(./Exercise1.tex
LaTeX2e <2017-04-15>
Babel <3.10> and hyphenation patterns for 84 language(s) loaded.
(/usr/local/texlive/2017/texmf-dist/tex/latex/base/article.cls
Document Class: article 2014/09/29 v1.4h Standard LaTeX document class
(/usr/local/texlive/2017/texmf-dist/tex/latex/base/size12.clo
File: size12.clo 2014/09/29 v1.4h Standard LaTeX file (size option)
)
\c@part=\count79
\c@section=\count80
\c@subsection=\count81
\c@subsubsection=\count82
\c@paragraph=\count83
\c@subparagraph=\count84
\c@figure=\count85
\c@table=\count86
\abovecaptionskip=\skip41
\belowcaptionskip=\skip42
\bibindent=\dimen102
)
(/usr/local/texlive/2017/texmf-dist/tex/latex/mathtools/mathtools.sty
Package: mathtools 2015/11/12 v1.18 mathematical typesetting tools

(/usr/local/texlive/2017/texmf-dist/tex/latex/graphics/keyval.sty
Package: keyval 2014/10/28 v1.15 key=value parser (DPC)
\KV@toks@=\toks14
)
(/usr/local/texlive/2017/texmf-dist/tex/latex/tools/calc.sty
Package: calc 2014/10/28 v4.3 Infix arithmetic (KKT,FJ)
\calc@Acount=\count87
\calc@Bcount=\count88
\calc@Adimen=\dimen103
\calc@Bdimen=\dimen104
\calc@Askip=\skip43
\calc@Bskip=\skip44
LaTeX Info: Redefining \setlength on input line 80.
LaTeX Info: Redefining \addtolength on input line 81.
\calc@Ccount=\count89
\calc@Cskip=\skip45
)
(/usr/local/texlive/2017/texmf-dist/tex/latex/mathtools/mhsetup.sty
Package: mhsetup 2010/01/21 v1.2a programming setup (MH)
)
(/usr/local/texlive/2017/texmf-dist/tex/latex/amsmath/amsmath.sty
Package: amsmath 2016/11/05 v2.16a AMS math features
\@mathmargin=\skip46

For additional information on amsmath, use the `?' option.
(/usr/local/texlive/2017/texmf-dist/tex/latex/amsmath/amstext.sty
Package: amstext 2000/06/29 v2.01 AMS text

(/usr/local/texlive/2017/texmf-dist/tex/latex/amsmath/amsgen.sty
File: amsgen.sty 1999/11/30 v2.0 generic functions
\@emptytoks=\toks15
\ex@=\dimen105
))
(/usr/local/texlive/2017/texmf-dist/tex/latex/amsmath/amsbsy.sty
Package: amsbsy 1999/11/29 v1.2d Bold Symbols
\pmbraise@=\dimen106
)
(/usr/local/texlive/2017/texmf-dist/tex/latex/amsmath/amsopn.sty
Package: amsopn 2016/03/08 v2.02 operator names
)
\inf@bad=\count90
LaTeX Info: Redefining \frac on input line 213.
\uproot@=\count91
\leftroot@=\count92
LaTeX Info: Redefining \overline on input line 375.
\classnum@=\count93
\DOTSCASE@=\count94
LaTeX Info: Redefining \ldots on input line 472.
LaTeX Info: Redefining \dots on input line 475.
LaTeX Info: Redefining \cdots on input line 596.
\Mathstrutbox@=\box26
\strutbox@=\box27
\big@size=\dimen107
LaTeX Font Info:    Redeclaring font encoding OML on input line 712.
LaTeX Font Info:    Redeclaring font encoding OMS on input line 713.
\macc@depth=\count95
\c@MaxMatrixCols=\count96
\dotsspace@=\muskip10
\c@parentequation=\count97
\dspbrk@lvl=\count98
\tag@help=\toks16
\row@=\count99
\column@=\count100
\maxfields@=\count101
\andhelp@=\toks17
\eqnshift@=\dimen108
\alignsep@=\dimen109
\tagshift@=\dimen110
\tagwidth@=\dimen111
\totwidth@=\dimen112
\lineht@=\dimen113
\@envbody=\toks18
\multlinegap=\skip47
\multlinetaggap=\skip48
\mathdisplay@stack=\toks19
LaTeX Info: Redefining \[ on input line 2817.
LaTeX Info: Redefining \] on input line 2818.
)
LaTeX Info: Thecontrolsequence`\('isalreadyrobust on input line 129.
LaTeX Info: Thecontrolsequence`\)'isalreadyrobust on input line 129.
LaTeX Info: Thecontrolsequence`\['isalreadyrobust on input line 129.
LaTeX Info: Thecontrolsequence`\]'isalreadyrobust on input line 129.
\g_MT_multlinerow_int=\count102
\l_MT_multwidth_dim=\dimen114
\origjot=\skip49
\l_MT_shortvdotswithinadjustabove_dim=\dimen115
\l_MT_shortvdotswithinadjustbelow_dim=\dimen116
\l_MT_above_intertext_sep=\dimen117
\l_MT_below_intertext_sep=\dimen118
\l_MT_above_shortintertext_sep=\dimen119
\l_MT_below_shortintertext_sep=\dimen120
)
(/usr/local/texlive/2017/texmf-dist/tex/latex/graphics/graphicx.sty
Package: graphicx 2014/10/28 v1.0g Enhanced LaTeX Graphics (DPC,SPQR)

(/usr/local/texlive/2017/texmf-dist/tex/latex/graphics/graphics.sty
Package: graphics 2017/04/14 v1.1b Standard LaTeX Graphics (DPC,SPQR)

(/usr/local/texlive/2017/texmf-dist/tex/latex/graphics/trig.sty
Package: trig 2016/01/03 v1.10 sin cos tan (DPC)
)
(/usr/local/texlive/2017/texmf-dist/tex/latex/graphics-cfg/graphics.cfg
File: graphics.cfg 2016/06/04 v1.11 sample graphics configuration
)
Package graphics Info: Driver file: pdftex.def on input line 99.

(/usr/local/texlive/2017/texmf-dist/tex/latex/graphics-def/pdftex.def
File: pdftex.def 2017/01/12 v0.06k Graphics/color for pdfTeX

(/usr/local/texlive/2017/texmf-dist/tex/generic/oberdiek/infwarerr.sty
Package: infwarerr 2016/05/16 v1.4 Providing info/warning/error messages (HO)
)
(/usr/local/texlive/2017/texmf-dist/tex/generic/oberdiek/ltxcmds.sty
Package: ltxcmds 2016/05/16 v1.23 LaTeX kernel commands for general use (HO)
)
\Gread@gobject=\count103
))
\Gin@req@height=\dimen121
\Gin@req@width=\dimen122
)
(/usr/local/texlive/2017/texmf-dist/tex/latex/placeins/placeins.sty
Package: placeins 2005/04/18  v 2.2
)
(/usr/local/texlive/2017/texmf-dist/tex/latex/caption/caption.sty
Package: caption 2016/02/21 v3.3-144 Customizing captions (AR)

(/usr/local/texlive/2017/texmf-dist/tex/latex/caption/caption3.sty
Package: caption3 2016/05/22 v1.7-166 caption3 kernel (AR)
Package caption3 Info: TeX engine: e-TeX on input line 67.
\captionmargin=\dimen123
\captionmargin@=\dimen124
\captionwidth=\dimen125
\caption@tempdima=\dimen126
\caption@indent=\dimen127
\caption@parindent=\dimen128
\caption@hangindent=\dimen129
)
\c@ContinuedFloat=\count104
)
(/usr/local/texlive/2017/texmf-dist/tex/latex/caption/subcaption.sty
Package: subcaption 2016/05/22 v1.1-161 Sub-captions (AR)
\c@subfigure=\count105
\c@subtable=\count106
)
(/usr/local/texlive/2017/texmf-dist/tex/latex/float/float.sty
Package: float 2001/11/08 v1.3d Float enhancements (AL)
\c@float@type=\count107
\float@exts=\toks20
\float@box=\box28
\@float@everytoks=\toks21
\@floatcapt=\box29
)
(/usr/local/texlive/2017/texmf-dist/tex/latex/geometry/geometry.sty
Package: geometry 2010/09/12 v5.6 Page Geometry

(/usr/local/texlive/2017/texmf-dist/tex/generic/oberdiek/ifpdf.sty
Package: ifpdf 2017/03/15 v3.2 Provides the ifpdf switch
)
(/usr/local/texlive/2017/texmf-dist/tex/generic/oberdiek/ifvtex.sty
Package: ifvtex 2016/05/16 v1.6 Detect VTeX and its facilities (HO)
Package ifvtex Info: VTeX not detected.
)
(/usr/local/texlive/2017/texmf-dist/tex/generic/ifxetex/ifxetex.sty
Package: ifxetex 2010/09/12 v0.6 Provides ifxetex conditional
)
\Gm@cnth=\count108
\Gm@cntv=\count109
\c@Gm@tempcnt=\count110
\Gm@bindingoffset=\dimen130
\Gm@wd@mp=\dimen131
\Gm@odd@mp=\dimen132
\Gm@even@mp=\dimen133
\Gm@layoutwidth=\dimen134
\Gm@layoutheight=\dimen135
\Gm@layouthoffset=\dimen136
\Gm@layoutvoffset=\dimen137
\Gm@dimlist=\toks22
)
(/usr/local/texlive/2017/texmf-dist/tex/latex/psnfss/times.sty
Package: times 2005/04/12 PSNFSS-v9.2a (SPQR) 
)
(/usr/local/texlive/2017/texmf-dist/tex/latex/was/gensymb.sty
Package: gensymb 2003/07/02 v1.0 (WaS)
)
(/usr/local/texlive/2017/texmf-dist/tex/latex/ms/ragged2e.sty
Package: ragged2e 2009/05/21 v2.1 ragged2e Package (MS)


LaTeX Warning: Command \@arrayparboxrestore  has changed.
               Check if current package is valid.

(/usr/local/texlive/2017/texmf-dist/tex/latex/ms/everysel.sty
Package: everysel 2011/10/28 v1.2 EverySelectfont Package (MS)
)
(/usr/local/texlive/2017/texmf-dist/tex/latex/footmisc/footmisc.sty
Package: footmisc 2011/06/06 v5.5b a miscellany of footnote facilities
\FN@temptoken=\toks23
\footnotemargin=\dimen138
\c@pp@next@reset=\count111
Package footmisc Info: Declaring symbol style bringhurst on input line 855.
Package footmisc Info: Declaring symbol style chicago on input line 863.
Package footmisc Info: Declaring symbol style wiley on input line 872.
Package footmisc Info: Declaring symbol style lamport-robust on input line 883.

Package footmisc Info: Declaring symbol style lamport* on input line 903.
Package footmisc Info: Declaring symbol style lamport*-robust on input line 924
.
)
\CenteringLeftskip=\skip50
\RaggedLeftLeftskip=\skip51
\RaggedRightLeftskip=\skip52
\CenteringRightskip=\skip53
\RaggedLeftRightskip=\skip54
\RaggedRightRightskip=\skip55
\CenteringParfillskip=\skip56
\RaggedLeftParfillskip=\skip57
\RaggedRightParfillskip=\skip58
\JustifyingParfillskip=\skip59
\CenteringParindent=\skip60
\RaggedLeftParindent=\skip61
\RaggedRightParindent=\skip62
\JustifyingParindent=\skip63
)
(./Exercise1.aux)
\openout1 = `Exercise1.aux'.

LaTeX Font Info:    Checking defaults for OML/cmm/m/it on input line 17.
LaTeX Font Info:    ... okay on input line 17.
LaTeX Font Info:    Checking defaults for T1/cmr/m/n on input line 17.
LaTeX Font Info:    ... okay on input line 17.
LaTeX Font Info:    Checking defaults for OT1/cmr/m/n on input line 17.
LaTeX Font Info:    ... okay on input line 17.
LaTeX Font Info:    Checking defaults for OMS/cmsy/m/n on input line 17.
LaTeX Font Info:    ... okay on input line 17.
LaTeX Font Info:    Checking defaults for OMX/cmex/m/n on input line 17.
LaTeX Font Info:    ... okay on input line 17.
LaTeX Font Info:    Checking defaults for U/cmr/m/n on input line 17.
LaTeX Font Info:    ... okay on input line 17.
LaTeX Font Info:    Try loading font information for OT1+ptm on input line 17.

(/usr/local/texlive/2017/texmf-dist/tex/latex/psnfss/ot1ptm.fd
File: ot1ptm.fd 2001/06/04 font definitions for OT1/ptm.
)
(/usr/local/texlive/2017/texmf-dist/tex/context/base/mkii/supp-pdf.mkii
[Loading MPS to PDF converter (version 2006.09.02).]
\scratchcounter=\count112
\scratchdimen=\dimen139
\scratchbox=\box30
\nofMPsegments=\count113
\nofMParguments=\count114
\everyMPshowfont=\toks24
\MPscratchCnt=\count115
\MPscratchDim=\dimen140
\MPnumerator=\count116
\makeMPintoPDFobject=\count117
\everyMPtoPDFconversion=\toks25
) (/usr/local/texlive/2017/texmf-dist/tex/generic/oberdiek/pdftexcmds.sty
Package: pdftexcmds 2017/03/19 v0.25 Utility functions of pdfTeX for LuaTeX (HO
)

(/usr/local/texlive/2017/texmf-dist/tex/generic/oberdiek/ifluatex.sty
Package: ifluatex 2016/05/16 v1.4 Provides the ifluatex switch (HO)
Package ifluatex Info: LuaTeX not detected.
)
Package pdftexcmds Info: LuaTeX not detected.
Package pdftexcmds Info: \pdf@primitive is available.
Package pdftexcmds Info: \pdf@ifprimitive is available.
Package pdftexcmds Info: \pdfdraftmode found.
)
(/usr/local/texlive/2017/texmf-dist/tex/latex/oberdiek/epstopdf-base.sty
Package: epstopdf-base 2016/05/15 v2.6 Base part for package epstopdf

(/usr/local/texlive/2017/texmf-dist/tex/latex/oberdiek/grfext.sty
Package: grfext 2016/05/16 v1.2 Manage graphics extensions (HO)

(/usr/local/texlive/2017/texmf-dist/tex/generic/oberdiek/kvdefinekeys.sty
Package: kvdefinekeys 2016/05/16 v1.4 Define keys (HO)
))
(/usr/local/texlive/2017/texmf-dist/tex/latex/oberdiek/kvoptions.sty
Package: kvoptions 2016/05/16 v3.12 Key value format for package options (HO)

(/usr/local/texlive/2017/texmf-dist/tex/generic/oberdiek/kvsetkeys.sty
Package: kvsetkeys 2016/05/16 v1.17 Key value parser (HO)

(/usr/local/texlive/2017/texmf-dist/tex/generic/oberdiek/etexcmds.sty
Package: etexcmds 2016/05/16 v1.6 Avoid name clashes with e-TeX commands (HO)
Package etexcmds Info: Could not find \expanded.
(etexcmds)             That can mean that you are not using pdfTeX 1.50 or
(etexcmds)             that some package has redefined \expanded.
(etexcmds)             In the latter case, load this package earlier.
)))
Package epstopdf-base Info: Redefining graphics rule for `.eps' on input line 4
38.
Package grfext Info: Graphics extension search list:
(grfext)             [.png,.pdf,.jpg,.mps,.jpeg,.jbig2,.jb2,.PNG,.PDF,.JPG,.JPE
G,.JBIG2,.JB2,.eps]
(grfext)             \AppendGraphicsExtensions on input line 456.

(/usr/local/texlive/2017/texmf-dist/tex/latex/latexconfig/epstopdf-sys.cfg
File: epstopdf-sys.cfg 2010/07/13 v1.3 Configuration of (r)epstopdf for TeX Liv
e
))
Package caption Info: Begin \AtBeginDocument code.
Package caption Info: float package is loaded.
Package caption Info: End \AtBeginDocument code.

*geometry* driver: auto-detecting
*geometry* detected driver: pdftex
*geometry* verbose mode - [ preamble ] result:
* driver: pdftex
* paper: a4paper
* layout: <same size as paper>
* layoutoffset:(h,v)=(0.0pt,0.0pt)
* modes: 
* h-part:(L,W,R)=(63.87643pt, 469.75499pt, 63.87645pt)
* v-part:(T,H,B)=(48.93872pt, 722.7pt, 73.40813pt)
* \paperwidth=597.50787pt
* \paperheight=845.04684pt
* \textwidth=469.75499pt
* \textheight=722.7pt
* \oddsidemargin=-8.39355pt
* \evensidemargin=-8.39355pt
* \topmargin=-60.33127pt
* \headheight=12.0pt
* \headsep=25.0pt
* \topskip=12.0pt
* \footskip=30.0pt
* \marginparwidth=35.0pt
* \marginparsep=10.0pt
* \columnsep=10.0pt
* \skip\footins=10.8pt plus 4.0pt minus 2.0pt
* \hoffset=0.0pt
* \voffset=0.0pt
* \mag=1000
* \@twocolumnfalse
* \@twosidefalse
* \@mparswitchfalse
* \@reversemarginfalse
* (1in=72.27pt=25.4mm, 1cm=28.453pt)

LaTeX Info: Redefining \celsius on input line 17.
Package gensymb Info: Faking symbols for \degree and \celsius on input line 17.


Package gensymb Warning: Not defining \perthousand.

LaTeX Info: Redefining \ohm on input line 17.
Package gensymb Info: Using \Omega for \ohm on input line 17.

Package gensymb Warning: Not defining \micro.

Package ragged2e Info: ABD: executing \RaggedRight on input line 17.
ABD: EverySelectfont initializing macros
LaTeX Info: Redefining \selectfont on input line 17.
LaTeX Font Info:    Font shape `OT1/ptm/bx/n' in size <17.28> not available
(Font)              Font shape `OT1/ptm/b/n' tried instead on input line 24.
 (./Exercise1.toc
LaTeX Font Info:    Font shape `OT1/ptm/bx/n' in size <12> not available
(Font)              Font shape `OT1/ptm/b/n' tried instead on input line 1.
)
\tf@toc=\write3
\openout3 = `Exercise1.toc'.

 [1

{/usr/local/texlive/2017/texmf-var/fonts/map/pdftex/updmap/pdftex.map}] (./Exer
cise1.lof)
\tf@lof=\write4
\openout4 = `Exercise1.lof'.


[2]
LaTeX Font Info:    Font shape `OT1/ptm/bx/n' in size <14.4> not available
(Font)              Font shape `OT1/ptm/b/n' tried instead on input line 33.
 [3] [4]
Overfull \hbox (6.79662pt too wide) in paragraph at lines 83--85
\OT1/ptm/m/n/12 First, the three in-ter-faces coded and their fi-nal re-sult ar
e shown in fig-ures 1[], 2[], 3[] and 4[]. The method 
 []

<shape_interface.jpeg, id=20, 1608.0075pt x 315.1775pt>
File: shape_interface.jpeg Graphic file (type jpg)

<use shape_interface.jpeg>
Package pdftex.def Info: shape_interface.jpeg used on input line 106.
(pdftex.def)             Requested size: 483.69684pt x 94.80405pt.

Overfull \hbox (13.94185pt too wide) in paragraph at lines 106--107
 [][] 
 []

<PositionInterface.jpeg, id=21, 1608.0075pt x 427.5975pt>
File: PositionInterface.jpeg Graphic file (type jpg)

<use PositionInterface.jpeg>
Package pdftex.def Info: PositionInterface.jpeg used on input line 113.
(pdftex.def)             Requested size: 483.69684pt x 128.6195pt.

Overfull \hbox (13.94185pt too wide) in paragraph at lines 113--114
 [][] 
 []

[5 <./shape_interface.jpeg>]
<ShapePositionInterface.jpeg, id=25, 1603.9925pt x 1061.9675pt>
File: ShapePositionInterface.jpeg Graphic file (type jpg)

<use ShapePositionInterface.jpeg>
Package pdftex.def Info: ShapePositionInterface.jpeg used on input line 120.
(pdftex.def)             Requested size: 483.69684pt x 320.24554pt.

Overfull \hbox (13.94185pt too wide) in paragraph at lines 120--121
 [][] 
 []

<ShapePositionInterface_part2.jpeg, id=26, 1610.015pt x 523.9575pt>
File: ShapePositionInterface_part2.jpeg Graphic file (type jpg)

<use ShapePositionInterface_part2.jpeg>
Package pdftex.def Info: ShapePositionInterface_part2.jpeg used on input line 1
28.
(pdftex.def)             Requested size: 483.69684pt x 157.41232pt.

Overfull \hbox (13.94185pt too wide) in paragraph at lines 128--129
 [][] 
 []

<myShape_part1.jpeg, id=27, 1608.0075pt x 1029.8475pt>
File: myShape_part1.jpeg Graphic file (type jpg)

<use myShape_part1.jpeg>
Package pdftex.def Info: myShape_part1.jpeg used on input line 137.
(pdftex.def)             Requested size: 483.69684pt x 309.77377pt.

Overfull \hbox (13.94185pt too wide) in paragraph at lines 137--138
 [][] 
 []

[6 <./PositionInterface.jpeg> <./ShapePositionInterface.jpeg> <./ShapePositionI
nterface_part2.jpeg>] <myShape_part2.jpeg, id=31, 1608.0075pt x 963.6pt>
File: myShape_part2.jpeg Graphic file (type jpg)

<use myShape_part2.jpeg>
Package pdftex.def Info: myShape_part2.jpeg used on input line 145.
(pdftex.def)             Requested size: 483.69684pt x 289.8468pt.

Overfull \hbox (13.94185pt too wide) in paragraph at lines 145--146
 [][] 
 []

<myPolygon_part1.jpeg, id=32, 1606.0pt x 1120.185pt>
File: myPolygon_part1.jpeg Graphic file (type jpg)

<use myPolygon_part1.jpeg>
Package pdftex.def Info: myPolygon_part1.jpeg used on input line 153.
(pdftex.def)             Requested size: 483.69684pt x 337.37422pt.

Overfull \hbox (13.94185pt too wide) in paragraph at lines 153--154
 [][] 
 []

[7 <./myShape_part1.jpeg> <./myShape_part2.jpeg>]
<myPolygon_part2.jpeg, id=37, 1606.0pt x 1126.2075pt>
File: myPolygon_part2.jpeg Graphic file (type jpg)

<use myPolygon_part2.jpeg>
Package pdftex.def Info: myPolygon_part2.jpeg used on input line 163.
(pdftex.def)             Requested size: 483.69684pt x 339.18806pt.

Overfull \hbox (13.94185pt too wide) in paragraph at lines 163--164
 [][] 
 []

[8 <./myPolygon_part1.jpeg>]
<myRectangle_part1.jpeg, id=41, 1603.9925pt x 1150.2975pt>
File: myRectangle_part1.jpeg Graphic file (type jpg)

<use myRectangle_part1.jpeg>
Package pdftex.def Info: myRectangle_part1.jpeg used on input line 171.
(pdftex.def)             Requested size: 483.69684pt x 346.88223pt.

Overfull \hbox (13.94185pt too wide) in paragraph at lines 171--172
 [][] 
 []

[9 <./myPolygon_part2.jpeg>]
<myRectangle_part2.jpeg, id=45, 1608.0075pt x 572.1375pt>
File: myRectangle_part2.jpeg Graphic file (type jpg)

<use myRectangle_part2.jpeg>
Package pdftex.def Info: myRectangle_part2.jpeg used on input line 180.
(pdftex.def)             Requested size: 483.69684pt x 172.09653pt.

Overfull \hbox (13.94185pt too wide) in paragraph at lines 180--181
 [][] 
 []

<myOval_part1.jpeg, id=46, 1612.0225pt x 965.6075pt>
File: myOval_part1.jpeg Graphic file (type jpg)
 <use myOval_part1.jpeg>
Package pdftex.def Info: myOval_part1.jpeg used on input line 188.
(pdftex.def)             Requested size: 483.69684pt x 289.72868pt.

Overfull \hbox (13.94185pt too wide) in paragraph at lines 188--189
 [][] 
 []

[10 <./myRectangle_part1.jpeg> <./myRectangle_part2.jpeg>]
<myOval_part2.jpeg, id=50, 1608.0075pt x 1037.8775pt>
File: myOval_part2.jpeg Graphic file (type jpg)
 <use myOval_part2.jpeg>
Package pdftex.def Info: myOval_part2.jpeg used on input line 197.
(pdftex.def)             Requested size: 483.69684pt x 312.18916pt.

Overfull \hbox (13.94185pt too wide) in paragraph at lines 197--198
 [][] 
 []

<myCircle.jpeg, id=51, 1585.925pt x 1152.305pt>
File: myCircle.jpeg Graphic file (type jpg)
 <use myCircle.jpeg>
Package pdftex.def Info: myCircle.jpeg used on input line 205.
(pdftex.def)             Requested size: 483.69684pt x 351.44373pt.

Overfull \hbox (13.94185pt too wide) in paragraph at lines 205--206
 [][] 
 []

[11 <./myOval_part1.jpeg> <./myOval_part2.jpeg>]
<Point.jpeg, id=55, 1608.0075pt x 556.0775pt>
File: Point.jpeg Graphic file (type jpg)
 <use Point.jpeg>
Package pdftex.def Info: Point.jpeg used on input line 213.
(pdftex.def)             Requested size: 483.69684pt x 167.26575pt.

Overfull \hbox (13.94185pt too wide) in paragraph at lines 213--214
 [][] 
 []

<Test_for_Polymorphism_part1.jpeg, id=56, 1585.925pt x 1084.05pt>
File: Test_for_Polymorphism_part1.jpeg Graphic file (type jpg)

<use Test_for_Polymorphism_part1.jpeg>
Package pdftex.def Info: Test_for_Polymorphism_part1.jpeg used on input line 22
1.
(pdftex.def)             Requested size: 483.69684pt x 330.6265pt.

Overfull \hbox (13.94185pt too wide) in paragraph at lines 221--222
 [][] 
 []

[12 <./myCircle.jpeg> <./Point.jpeg>]
<Test_for_Polymorphism_part2.jpeg, id=60, 1535.7375pt x 702.625pt>
File: Test_for_Polymorphism_part2.jpeg Graphic file (type jpg)

<use Test_for_Polymorphism_part2.jpeg>
Package pdftex.def Info: Test_for_Polymorphism_part2.jpeg used on input line 22
9.
(pdftex.def)             Requested size: 483.69684pt x 221.29588pt.

Overfull \hbox (13.94185pt too wide) in paragraph at lines 229--230
 [][] 
 []

<Test_for_Polymorphism_part3.jpeg, id=61, 1606.0pt x 768.8725pt>
File: Test_for_Polymorphism_part3.jpeg Graphic file (type jpg)

<use Test_for_Polymorphism_part3.jpeg>
Package pdftex.def Info: Test_for_Polymorphism_part3.jpeg used on input line 23
6.
(pdftex.def)             Requested size: 483.69684pt x 231.5669pt.

Overfull \hbox (13.94185pt too wide) in paragraph at lines 236--237
 [][] 
 []

[13 <./Test_for_Polymorphism_part1.jpeg> <./Test_for_Polymorphism_part2.jpeg>]
<DrawShapesController_for_doOverlap1.jpeg, id=66, 1608.0075pt x 873.2625pt>
File: DrawShapesController_for_doOverlap1.jpeg Graphic file (type jpg)

<use DrawShapesController_for_doOverlap1.jpeg>
Package pdftex.def Info: DrawShapesController_for_doOverlap1.jpeg used on input
 line 246.
(pdftex.def)             Requested size: 483.69684pt x 262.67366pt.

Overfull \hbox (13.94185pt too wide) in paragraph at lines 246--247
 [][] 
 []

<DrawShapesController_for_doOverlap2.jpeg, id=67, 1610.015pt x 879.285pt>
File: DrawShapesController_for_doOverlap2.jpeg Graphic file (type jpg)

<use DrawShapesController_for_doOverlap2.jpeg>
Package pdftex.def Info: DrawShapesController_for_doOverlap2.jpeg used on input
 line 254.
(pdftex.def)             Requested size: 483.69684pt x 264.16321pt.

Overfull \hbox (13.94185pt too wide) in paragraph at lines 254--255
 [][] 
 []

[14 <./Test_for_Polymorphism_part3.jpeg> <./DrawShapesController_for_doOverlap1
.jpeg>]
<DrawShapesController_for_doOverlap3.jpeg, id=71, 1603.9925pt x 831.105pt>
File: DrawShapesController_for_doOverlap3.jpeg Graphic file (type jpg)

<use DrawShapesController_for_doOverlap3.jpeg>
Package pdftex.def Info: DrawShapesController_for_doOverlap3.jpeg used on input
 line 262.
(pdftex.def)             Requested size: 483.69684pt x 250.62694pt.

Overfull \hbox (13.94185pt too wide) in paragraph at lines 262--263
 [][] 
 []

<geometric_configuration1.jpeg, id=72, 1419.3025pt x 925.4575pt>
File: geometric_configuration1.jpeg Graphic file (type jpg)

<use geometric_configuration1.jpeg>
Package pdftex.def Info: geometric_configuration1.jpeg used on input line 276.
(pdftex.def)             Requested size: 483.69684pt x 315.3857pt.

Overfull \hbox (13.94185pt too wide) in paragraph at lines 276--277
 [][] 
 []

[15 <./DrawShapesController_for_doOverlap2.jpeg> <./DrawShapesController_for_do
Overlap3.jpeg>]
<geometric_configuration_written1.jpeg, id=76, 1610.015pt x 1023.825pt>
File: geometric_configuration_written1.jpeg Graphic file (type jpg)

<use geometric_configuration_written1.jpeg>
Package pdftex.def Info: geometric_configuration_written1.jpeg used on input li
ne 284.
(pdftex.def)             Requested size: 483.69684pt x 307.5873pt.

Overfull \hbox (13.94185pt too wide) in paragraph at lines 284--285
 [][] 
 []

<geometric_configuration2.jpeg, id=77, 807.015pt x 1126.2075pt>
File: geometric_configuration2.jpeg Graphic file (type jpg)

<use geometric_configuration2.jpeg>
Package pdftex.def Info: geometric_configuration2.jpeg used on input line 292.
(pdftex.def)             Requested size: 483.69684pt x 675.00798pt.

Overfull \hbox (13.94185pt too wide) in paragraph at lines 292--293
 [][] 
 []

[16 <./geometric_configuration1.jpeg> <./geometric_configuration_written1.jpeg>
] <geometric_configuration_written2.jpeg, id=81, 1595.9625pt x 1019.81pt>
File: geometric_configuration_written2.jpeg Graphic file (type jpg)

<use geometric_configuration_written2.jpeg>
Package pdftex.def Info: geometric_configuration_written2.jpeg used on input li
ne 300.
(pdftex.def)             Requested size: 483.69684pt x 309.07312pt.

Overfull \hbox (13.94185pt too wide) in paragraph at lines 300--301
 [][] 
 []

[17 <./geometric_configuration2.jpeg>]
<geometric_configuration_do_overlap.jpeg, id=85, 1403.2425pt x 927.465pt>
File: geometric_configuration_do_overlap.jpeg Graphic file (type jpg)

<use geometric_configuration_do_overlap.jpeg>
Package pdftex.def Info: geometric_configuration_do_overlap.jpeg used on input 
line 313.
(pdftex.def)             Requested size: 483.69684pt x 319.69273pt.

Overfull \hbox (13.94185pt too wide) in paragraph at lines 313--314
 [][] 
 []

[18 <./geometric_configuration_written2.jpeg>]
<geometric_configuration_do_overlap_written.jpeg, id=89, 1612.0225pt x 335.2525
pt>
File: geometric_configuration_do_overlap_written.jpeg Graphic file (type jpg)
 <use geometric_configuration_do_overlap_written.jpeg>
Package pdftex.def Info: geometric_configuration_do_overlap_written.jpeg used o
n input line 321.
(pdftex.def)             Requested size: 483.69684pt x 100.59187pt.

Overfull \hbox (13.94185pt too wide) in paragraph at lines 321--322
 [][] 
 []

[19 <./geometric_configuration_do_overlap.jpeg> <./geometric_configuration_do_o
verlap_written.jpeg>] [20] (./Exercise1.aux) ) 
Here is how much of TeX's memory you used:
 4748 strings out of 492995
 75936 string characters out of 6132704
 144688 words of memory out of 5000000
 8193 multiletter control sequences out of 15000+600000
 18554 words of font info for 44 fonts, out of 8000000 for 9000
 1141 hyphenation exceptions out of 8191
 39i,6n,39p,701b,273s stack positions out of 5000i,500n,10000p,200000b,80000s
{/usr/local/texlive/2017/texmf-di
st/fonts/enc/dvips/base/8r.enc}</usr/local/texlive/2017/texmf-dist/fonts/type1/
public/amsfonts/cm/cmmi12.pfb></usr/local/texlive/2017/texmf-dist/fonts/type1/p
ublic/amsfonts/cm/cmr12.pfb></usr/local/texlive/2017/texmf-dist/fonts/type1/pub
lic/amsfonts/cm/cmsy10.pfb></usr/local/texlive/2017/texmf-dist/fonts/type1/urw/
times/utmb8a.pfb></usr/local/texlive/2017/texmf-dist/fonts/type1/urw/times/utmr
8a.pfb>
Output written on Exercise1.pdf (20 pages, 6562521 bytes).
PDF statistics:
 116 PDF objects out of 1000 (max. 8388607)
 62 compressed objects within 1 object stream
 0 named destinations out of 1000 (max. 500000)
 131 words of extra memory for PDF output out of 10000 (max. 10000000)

